<?xml version="1.0" encoding="UTF-8"?>
<!-- Generated by org.testng.reporters.JUnitXMLReporter -->
<testsuite ignored="4" hostname="DESKTOP-NRLQRJU" failures="0" tests="1" name="Default test" time="7.448" errors="0" timestamp="2024-02-20T15:03:23 IST">
  <testcase classname="com.qa.tests.SearchHotelPageTest" name="testRoomTypeDropdownOptions" time="0.165"/>
  <testcase classname="com.qa.tests.SearchHotelPageTest" name="testHotelsDropdownOptions" time="0.0">
    <ignored/>
  </testcase> <!-- testHotelsDropdownOptions -->
  <testcase classname="com.qa.tests.SearchHotelPageTest" name="testLocDropdownOptions" time="0.0">
    <ignored/>
  </testcase> <!-- testLocDropdownOptions -->
  <testcase classname="com.qa.tests.SearchHotelPageTest" name="testNumOfRoomsDropdownOptions" time="0.0">
    <ignored/>
  </testcase> <!-- testNumOfRoomsDropdownOptions -->
  <testcase classname="com.qa.tests.SearchHotelPageTest" name="searchHotelTest" time="0.0">
    <ignored/>
  </testcase> <!-- searchHotelTest -->
</testsuite> <!-- Default test -->
