<?xml version="1.0" encoding="UTF-8"?>
<!-- Generated by org.testng.reporters.JUnitXMLReporter -->
<testsuite ignored="4" hostname="DESKTOP-NRLQRJU" failures="0" tests="1" name="Default test" time="16.611" errors="0" timestamp="2024-02-20T16:00:01 IST">
  <testcase classname="com.qa.tests.SearchHotelPageTest" name="testDropdownSelection" time="10.328"/>
  <testcase classname="com.qa.tests.SearchHotelPageTest" name="testRoomTypeDropdownOptions" time="0.0">
    <ignored/>
  </testcase> <!-- testRoomTypeDropdownOptions -->
  <testcase classname="com.qa.tests.SearchHotelPageTest" name="searchHotelTest" time="0.0">
    <ignored/>
  </testcase> <!-- searchHotelTest -->
  <testcase classname="com.qa.tests.SearchHotelPageTest" name="testHotelsDropdownOptions" time="0.0">
    <ignored/>
  </testcase> <!-- testHotelsDropdownOptions -->
  <testcase classname="com.qa.tests.SearchHotelPageTest" name="testLocDropdownOptions" time="0.0">
    <ignored/>
  </testcase> <!-- testLocDropdownOptions -->
</testsuite> <!-- Default test -->
