<?xml version="1.0" encoding="UTF-8"?>
<testng-results ignored="4" total="5" passed="1" failed="0" skipped="0">
  <reporter-output>
  </reporter-output>
  <suite started-at="2024-02-20T15:03:15 IST" name="Default suite" finished-at="2024-02-20T15:03:23 IST" duration-ms="7448">
    <groups>
    </groups>
    <test started-at="2024-02-20T15:03:15 IST" name="Default test" finished-at="2024-02-20T15:03:23 IST" duration-ms="7448">
      <class name="com.qa.tests.SearchHotelPageTest">
        <test-method is-config="true" signature="setUp()[pri:0, instance:com.qa.tests.SearchHotelPageTest@1e0b4072]" started-at="2024-02-20T15:03:16 IST" name="setUp" finished-at="2024-02-20T15:03:23 IST" duration-ms="7088" status="PASS">
          <reporter-output>
          </reporter-output>
        </test-method> <!-- setUp -->
        <test-method signature="testRoomTypeDropdownOptions()[pri:0, instance:com.qa.tests.SearchHotelPageTest@1e0b4072]" started-at="2024-02-20T15:03:23 IST" name="testRoomTypeDropdownOptions" finished-at="2024-02-20T15:03:23 IST" duration-ms="165" status="PASS">
          <reporter-output>
          </reporter-output>
        </test-method> <!-- testRoomTypeDropdownOptions -->
        <test-method is-config="true" signature="tearDown()[pri:0, instance:com.qa.tests.SearchHotelPageTest@1e0b4072]" started-at="2024-02-20T15:03:23 IST" name="tearDown" finished-at="2024-02-20T15:03:23 IST" duration-ms="132" status="PASS">
          <reporter-output>
          </reporter-output>
        </test-method> <!-- tearDown -->
      </class> <!-- com.qa.tests.SearchHotelPageTest -->
    </test> <!-- Default test -->
  </suite> <!-- Default suite -->
</testng-results>
